Using pre-set license
Built from '2021.3/staging' branch; Version is '2021.3.3f1 (af2e63e8f9bd) revision 11480675'; Using compiler version '192829333'; Build Type 'Release'
OS: 'Windows 11  (10.0.22000) 64bit Core' Language: 'ko' Physical Memory: 15731 MB
BatchMode: 1, IsHumanControllingUs: 0, StartBugReporterOnCrash: 0, Is64bit: 1, IsPro: 1

COMMAND LINE ARGUMENTS:
C:\Program Files\Unity\Hub\Editor\2021.3.3f1\Editor\Unity.exe
-adb2
-batchMode
-noUpm
-name
AssetImportWorker2
-projectPath
C:/Users/mokuj/OneDrive/WorkSpace/Unity/LowPoly-Hero
-logFile
Logs/AssetImportWorker2.log
-srvPort
63978
Successfully changed project path to: C:/Users/mokuj/OneDrive/WorkSpace/Unity/LowPoly-Hero
C:/Users/mokuj/OneDrive/WorkSpace/Unity/LowPoly-Hero
[UnityMemory] Configuration Parameters - Can be set up in boot.config
    "memorysetup-bucket-allocator-granularity=16"
    "memorysetup-bucket-allocator-bucket-count=8"
    "memorysetup-bucket-allocator-block-size=33554432"
    "memorysetup-bucket-allocator-block-count=8"
    "memorysetup-main-allocator-block-size=16777216"
    "memorysetup-thread-allocator-block-size=16777216"
    "memorysetup-gfx-main-allocator-block-size=16777216"
    "memorysetup-gfx-thread-allocator-block-size=16777216"
    "memorysetup-cache-allocator-block-size=4194304"
    "memorysetup-typetree-allocator-block-size=2097152"
    "memorysetup-profiler-bucket-allocator-granularity=16"
    "memorysetup-profiler-bucket-allocator-bucket-count=8"
    "memorysetup-profiler-bucket-allocator-block-size=33554432"
    "memorysetup-profiler-bucket-allocator-block-count=8"
    "memorysetup-profiler-allocator-block-size=16777216"
    "memorysetup-profiler-editor-allocator-block-size=1048576"
    "memorysetup-temp-allocator-size-main=16777216"
    "memorysetup-job-temp-allocator-block-size=2097152"
    "memorysetup-job-temp-allocator-block-size-background=1048576"
    "memorysetup-job-temp-allocator-reduction-small-platforms=262144"
    "memorysetup-temp-allocator-size-background-worker=32768"
    "memorysetup-temp-allocator-size-job-worker=262144"
    "memorysetup-temp-allocator-size-preload-manager=33554432"
    "memorysetup-temp-allocator-size-nav-mesh-worker=65536"
    "memorysetup-temp-allocator-size-audio-worker=65536"
    "memorysetup-temp-allocator-size-cloud-worker=32768"
    "memorysetup-temp-allocator-size-gi-baking-worker=262144"
    "memorysetup-temp-allocator-size-gfx=262144"
Refreshing native plugins compatible for Editor in 82.52 ms, found 3 plugins.
Preloading 0 native plugins for Editor in 0.00 ms.
Initialize engine version: 2021.3.3f1 (af2e63e8f9bd)
[Subsystems] Discovering subsystems at path C:/Program Files/Unity/Hub/Editor/2021.3.3f1/Editor/Data/Resources/UnitySubsystems
[Subsystems] Discovering subsystems at path C:/Users/mokuj/OneDrive/WorkSpace/Unity/LowPoly-Hero/Assets
GfxDevice: creating device client; threaded=0; jobified=0
Direct3D:
    Version:  Direct3D 11.0 [level 11.1]
    Renderer: NVIDIA GeForce GTX 1660 Ti (ID=0x2191)
    Vendor:   NVIDIA
    VRAM:     5991 MB
    Driver:   30.0.15.1295
Initialize mono
Mono path[0] = 'C:/Program Files/Unity/Hub/Editor/2021.3.3f1/Editor/Data/Managed'
Mono path[1] = 'C:/Program Files/Unity/Hub/Editor/2021.3.3f1/Editor/Data/MonoBleedingEdge/lib/mono/unityjit-win32'
Mono config path = 'C:/Program Files/Unity/Hub/Editor/2021.3.3f1/Editor/Data/MonoBleedingEdge/etc'
Using monoOptions --debugger-agent=transport=dt_socket,embedding=1,server=y,suspend=n,address=127.0.0.1:56236
Begin MonoManager ReloadAssembly
Registering precompiled unity dll's ...
Register platform support module: C:/Program Files/Unity/Hub/Editor/2021.3.3f1/Editor/Data/PlaybackEngines/WebGLSupport/UnityEditor.WebGL.Extensions.dll
Register platform support module: C:/Program Files/Unity/Hub/Editor/2021.3.3f1/Editor/Data/PlaybackEngines/WindowsStandaloneSupport/UnityEditor.WindowsStandalone.Extensions.dll
Registered in 0.007415 seconds.
Native extension for WindowsStandalone target not found
Native extension for WebGL target not found
Refreshing native plugins compatible for Editor in 82.26 ms, found 3 plugins.
Preloading 0 native plugins for Editor in 0.00 ms.
Mono: successfully reloaded assembly
- Completed reload, in  0.675 seconds
Domain Reload Profiling:
	ReloadAssembly (676ms)
		BeginReloadAssembly (71ms)
			ExecutionOrderSort (0ms)
			DisableScriptedObjects (0ms)
			BackupInstance (0ms)
			ReleaseScriptingObjects (0ms)
			CreateAndSetChildDomain (1ms)
		EndReloadAssembly (473ms)
			LoadAssemblies (69ms)
			RebuildTransferFunctionScriptingTraits (0ms)
			SetupTypeCache (137ms)
			ReleaseScriptCaches (0ms)
			RebuildScriptCaches (29ms)
			SetupLoadedEditorAssemblies (260ms)
				LogAssemblyErrors (0ms)
				InitializePlatformSupportModulesInManaged (8ms)
				SetLoadedEditorAssemblies (0ms)
				RefreshPlugins (82ms)
				BeforeProcessingInitializeOnLoad (1ms)
				ProcessInitializeOnLoadAttributes (123ms)
				ProcessInitializeOnLoadMethodAttributes (45ms)
				AfterProcessingInitializeOnLoad (0ms)
				EditorAssembliesLoaded (0ms)
			ExecutionOrderSort2 (0ms)
			AwakeInstancesAfterBackupRestoration (0ms)
Platform modules already initialized, skipping
Registering precompiled user dll's ...
Registered in 0.005026 seconds.
Begin MonoManager ReloadAssembly
Symbol file LoadedFromMemory doesn't match image C:\Users\mokuj\OneDrive\WorkSpace\Unity\LowPoly-Hero\Library\PackageCache\com.unity.visualscripting@1.7.6\Editor\VisualScripting.Core\Dependencies\YamlDotNet\Unity.VisualScripting.YamlDotNet.dll
Symbol file LoadedFromMemory doesn't match image C:\Users\mokuj\OneDrive\WorkSpace\Unity\LowPoly-Hero\Library\PackageCache\com.unity.visualscripting@1.7.6\Editor\VisualScripting.Core\Dependencies\DotNetZip\Unity.VisualScripting.IonicZip.dll
Native extension for WindowsStandalone target not found
Native extension for WebGL target not found
Refreshing native plugins compatible for Editor in 0.65 ms, found 3 plugins.
Preloading 0 native plugins for Editor in 0.00 ms.
Mono: successfully reloaded assembly
- Completed reload, in  0.977 seconds
Domain Reload Profiling:
	ReloadAssembly (978ms)
		BeginReloadAssembly (105ms)
			ExecutionOrderSort (0ms)
			DisableScriptedObjects (5ms)
			BackupInstance (0ms)
			ReleaseScriptingObjects (0ms)
			CreateAndSetChildDomain (21ms)
		EndReloadAssembly (765ms)
			LoadAssemblies (70ms)
			RebuildTransferFunctionScriptingTraits (0ms)
			SetupTypeCache (248ms)
			ReleaseScriptCaches (1ms)
			RebuildScriptCaches (51ms)
			SetupLoadedEditorAssemblies (351ms)
				LogAssemblyErrors (0ms)
				InitializePlatformSupportModulesInManaged (7ms)
				SetLoadedEditorAssemblies (0ms)
				RefreshPlugins (1ms)
				BeforeProcessingInitializeOnLoad (82ms)
				ProcessInitializeOnLoadAttributes (230ms)
				ProcessInitializeOnLoadMethodAttributes (26ms)
				AfterProcessingInitializeOnLoad (6ms)
				EditorAssembliesLoaded (0ms)
			ExecutionOrderSort2 (0ms)
			AwakeInstancesAfterBackupRestoration (6ms)
Platform modules already initialized, skipping
========================================================================
Worker process is ready to serve import requests
Launched and connected shader compiler UnityShaderCompiler.exe after 0.05 seconds
Refreshing native plugins compatible for Editor in 1.17 ms, found 3 plugins.
Preloading 0 native plugins for Editor in 0.00 ms.
Unloading 3414 Unused Serialized files (Serialized files now loaded: 0)
Unloading 26 unused Assets / (112.6 KB). Loaded Objects now: 3877.
Memory consumption went from 192.5 MB to 192.4 MB.
Total: 3.484000 ms (FindLiveObjects: 0.444500 ms CreateObjectMapping: 0.203300 ms MarkObjects: 2.722000 ms  DeleteObjects: 0.112000 ms)

AssetImportParameters requested are different than current active one (requested -> active):
  custom:video-decoder-ogg-theora: a1e56fd34408186e4bbccfd4996cb3dc -> 
  custom:container-muxer-webm: aa71ff27fc2769a1b78a27578f13a17b -> 
  custom:container-demuxer-webm: 4f35f7cbe854078d1ac9338744f61a02 -> 
  custom:video-encoder-webm-vp8: eb34c28f22e8b96e1ab97ce403110664 -> 
  custom:video-codec-MediaFoundation-h265: 746d11721c4dcdbdad8f713fa42b33f4 -> 
  custom:audio-encoder-webm-vorbis: bf7c407c2cedff20999df2af8eb42d56 -> 
  custom:framework-win-MediaFoundation: 216162199b28c13a410421893ffa2e32 -> 
  custom:container-demuxer-ogg: 62fdf1f143b41e24485cea50d1cbac27 -> 
  custom:video-decoder-webm-vp8: 9c59270c3fd7afecdb556c50c9e8de78 -> 
  custom:audio-decoder-ogg-vorbis: bf7c407c2cedff20999df2af8eb42d56 -> 
========================================================================
Received Import Request.
  Time since last request: 97889.395991 seconds.
  path: Assets/TextMesh Pro/Fonts
  artifactKey: Guid(6ab70aee4d56447429c680537fbf93ed) Importer(815301076,1909f56bfc062723c751e8b465ee728b)
Start importing Assets/TextMesh Pro/Fonts using Guid(6ab70aee4d56447429c680537fbf93ed) Importer(815301076,1909f56bfc062723c751e8b465ee728b)  -> (artifact id: '7c35bbd85dc86dd2ef332d439fd9c360') in 0.013076 seconds 
========================================================================
Received Import Request.
  Time since last request: 0.104252 seconds.
  path: Assets/TextMesh Pro/Fonts/LiberationSans.ttf
  artifactKey: Guid(e3265ab4bf004d28a9537516768c1c75) Importer(815301076,1909f56bfc062723c751e8b465ee728b)
Start importing Assets/TextMesh Pro/Fonts/LiberationSans.ttf using Guid(e3265ab4bf004d28a9537516768c1c75) Importer(815301076,1909f56bfc062723c751e8b465ee728b)  -> (artifact id: 'f3bd036785823e2281556a384dd6489b') in 0.120104 seconds 
========================================================================
Received Import Request.
  Time since last request: 9.877296 seconds.
  path: Assets/Object/EffectTexturesAndPrefabs/Textures
  artifactKey: Guid(401e26d13061d7c439b9e36e15d76c6a) Importer(815301076,1909f56bfc062723c751e8b465ee728b)
Start importing Assets/Object/EffectTexturesAndPrefabs/Textures using Guid(401e26d13061d7c439b9e36e15d76c6a) Importer(815301076,1909f56bfc062723c751e8b465ee728b)  -> (artifact id: '602324b55cfc2dac7d9728b80724014c') in 0.006589 seconds 
========================================================================
Received Import Request.
  Time since last request: 0.057427 seconds.
  path: Assets/Object/EffectTexturesAndPrefabs/Textures/fire_A.png
  artifactKey: Guid(e4627330551d3014bb2d466848a06dff) Importer(815301076,1909f56bfc062723c751e8b465ee728b)
Start importing Assets/Object/EffectTexturesAndPrefabs/Textures/fire_A.png using Guid(e4627330551d3014bb2d466848a06dff) Importer(815301076,1909f56bfc062723c751e8b465ee728b)  -> (artifact id: '5fe7d6b2a1ba3834d14e5e7fc120ff35') in 0.021651 seconds 
========================================================================
Received Import Request.
  Time since last request: 0.000033 seconds.
  path: Assets/Object/EffectTexturesAndPrefabs/Textures/star_B.png
  artifactKey: Guid(a692e8fb04fe88f48b87e461b9e8409d) Importer(815301076,1909f56bfc062723c751e8b465ee728b)
Start importing Assets/Object/EffectTexturesAndPrefabs/Textures/star_B.png using Guid(a692e8fb04fe88f48b87e461b9e8409d) Importer(815301076,1909f56bfc062723c751e8b465ee728b)  -> (artifact id: 'fb7c0f23e42712431717ec05454613fd') in 0.016372 seconds 
========================================================================
Received Import Request.
  Time since last request: 0.000030 seconds.
  path: Assets/Object/EffectTexturesAndPrefabs/Textures/smoke_n.png
  artifactKey: Guid(4cf38eda12d49f54d83a8d3de778eab9) Importer(815301076,1909f56bfc062723c751e8b465ee728b)
Start importing Assets/Object/EffectTexturesAndPrefabs/Textures/smoke_n.png using Guid(4cf38eda12d49f54d83a8d3de778eab9) Importer(815301076,1909f56bfc062723c751e8b465ee728b)  -> (artifact id: '3d06d87e09665369bf47329c1edc9dac') in 0.018487 seconds 
========================================================================
Received Import Request.
  Time since last request: 0.000034 seconds.
  path: Assets/Object/EffectTexturesAndPrefabs/Textures/particle_A.png
  artifactKey: Guid(7a034c8d003ebef4d89457c73317547b) Importer(815301076,1909f56bfc062723c751e8b465ee728b)
Start importing Assets/Object/EffectTexturesAndPrefabs/Textures/particle_A.png using Guid(7a034c8d003ebef4d89457c73317547b) Importer(815301076,1909f56bfc062723c751e8b465ee728b)  -> (artifact id: '8692c39dcf4927eb4c4bd8608228cd99') in 0.017706 seconds 
========================================================================
Received Import Request.
  Time since last request: 0.000032 seconds.
  path: Assets/Object/EffectTexturesAndPrefabs/Textures/light_ring.png
  artifactKey: Guid(e8e4bc588b1176c4aafab4804c6d8d98) Importer(815301076,1909f56bfc062723c751e8b465ee728b)
Start importing Assets/Object/EffectTexturesAndPrefabs/Textures/light_ring.png using Guid(e8e4bc588b1176c4aafab4804c6d8d98) Importer(815301076,1909f56bfc062723c751e8b465ee728b)  -> (artifact id: '237345a09fd3f50af0ebaed621925b92') in 0.018387 seconds 
========================================================================
Received Import Request.
  Time since last request: 0.000031 seconds.
  path: Assets/Object/EffectTexturesAndPrefabs/Textures/smoke_thin.png
  artifactKey: Guid(90dbf173ff255434d8191e5cbbe24576) Importer(815301076,1909f56bfc062723c751e8b465ee728b)
Start importing Assets/Object/EffectTexturesAndPrefabs/Textures/smoke_thin.png using Guid(90dbf173ff255434d8191e5cbbe24576) Importer(815301076,1909f56bfc062723c751e8b465ee728b)  -> (artifact id: 'ed89b824c59864c120a40e6fb2c12d86') in 0.018316 seconds 
========================================================================
Received Import Request.
  Time since last request: 0.000043 seconds.
  path: Assets/Object/EffectTexturesAndPrefabs/Textures/light.png
  artifactKey: Guid(a6de0b4e38ace5e4281e0b18205d4615) Importer(815301076,1909f56bfc062723c751e8b465ee728b)
Start importing Assets/Object/EffectTexturesAndPrefabs/Textures/light.png using Guid(a6de0b4e38ace5e4281e0b18205d4615) Importer(815301076,1909f56bfc062723c751e8b465ee728b)  -> (artifact id: '4b49a16c6a262d18cb018605c3aa4121') in 0.016625 seconds 
========================================================================
Received Import Request.
  Time since last request: 0.000033 seconds.
  path: Assets/Object/EffectTexturesAndPrefabs/Textures/SparkParticle.png
  artifactKey: Guid(d9967c20ed8721d4fae012da762cd471) Importer(815301076,1909f56bfc062723c751e8b465ee728b)
Start importing Assets/Object/EffectTexturesAndPrefabs/Textures/SparkParticle.png using Guid(d9967c20ed8721d4fae012da762cd471) Importer(815301076,1909f56bfc062723c751e8b465ee728b)  -> (artifact id: 'e28563d06e3b417a7f350a0dc879a726') in 0.015304 seconds 
Editor requested this worker to shutdown with reason: Scaling down because of idle timeout
AssetImportWorker is now disconnected from the server
Process exiting
Exiting without the bug reporter. Application will terminate with return code 0