Using pre-set license
Built from '2021.3/staging' branch; Version is '2021.3.3f1 (af2e63e8f9bd) revision 11480675'; Using compiler version '192829333'; Build Type 'Release'
OS: 'Windows 11  (10.0.22000) 64bit Core' Language: 'ko' Physical Memory: 15731 MB
BatchMode: 1, IsHumanControllingUs: 0, StartBugReporterOnCrash: 0, Is64bit: 1, IsPro: 1

COMMAND LINE ARGUMENTS:
C:\Program Files\Unity\Hub\Editor\2021.3.3f1\Editor\Unity.exe
-adb2
-batchMode
-noUpm
-name
AssetImportWorker4
-projectPath
C:/Users/mokuj/OneDrive/WorkSpace/Unity/LowPoly-Hero
-logFile
Logs/AssetImportWorker4.log
-srvPort
58460
Successfully changed project path to: C:/Users/mokuj/OneDrive/WorkSpace/Unity/LowPoly-Hero
C:/Users/mokuj/OneDrive/WorkSpace/Unity/LowPoly-Hero
[UnityMemory] Configuration Parameters - Can be set up in boot.config
    "memorysetup-bucket-allocator-granularity=16"
    "memorysetup-bucket-allocator-bucket-count=8"
    "memorysetup-bucket-allocator-block-size=33554432"
    "memorysetup-bucket-allocator-block-count=8"
    "memorysetup-main-allocator-block-size=16777216"
    "memorysetup-thread-allocator-block-size=16777216"
    "memorysetup-gfx-main-allocator-block-size=16777216"
    "memorysetup-gfx-thread-allocator-block-size=16777216"
    "memorysetup-cache-allocator-block-size=4194304"
    "memorysetup-typetree-allocator-block-size=2097152"
    "memorysetup-profiler-bucket-allocator-granularity=16"
    "memorysetup-profiler-bucket-allocator-bucket-count=8"
    "memorysetup-profiler-bucket-allocator-block-size=33554432"
    "memorysetup-profiler-bucket-allocator-block-count=8"
    "memorysetup-profiler-allocator-block-size=16777216"
    "memorysetup-profiler-editor-allocator-block-size=1048576"
    "memorysetup-temp-allocator-size-main=16777216"
    "memorysetup-job-temp-allocator-block-size=2097152"
    "memorysetup-job-temp-allocator-block-size-background=1048576"
    "memorysetup-job-temp-allocator-reduction-small-platforms=262144"
    "memorysetup-temp-allocator-size-background-worker=32768"
    "memorysetup-temp-allocator-size-job-worker=262144"
    "memorysetup-temp-allocator-size-preload-manager=33554432"
    "memorysetup-temp-allocator-size-nav-mesh-worker=65536"
    "memorysetup-temp-allocator-size-audio-worker=65536"
    "memorysetup-temp-allocator-size-cloud-worker=32768"
    "memorysetup-temp-allocator-size-gi-baking-worker=262144"
    "memorysetup-temp-allocator-size-gfx=262144"
Refreshing native plugins compatible for Editor in 84.03 ms, found 3 plugins.
Preloading 0 native plugins for Editor in 0.00 ms.
Initialize engine version: 2021.3.3f1 (af2e63e8f9bd)
[Subsystems] Discovering subsystems at path C:/Program Files/Unity/Hub/Editor/2021.3.3f1/Editor/Data/Resources/UnitySubsystems
[Subsystems] Discovering subsystems at path C:/Users/mokuj/OneDrive/WorkSpace/Unity/LowPoly-Hero/Assets
GfxDevice: creating device client; threaded=0; jobified=0
Direct3D:
    Version:  Direct3D 11.0 [level 11.1]
    Renderer: NVIDIA GeForce GTX 1660 Ti (ID=0x2191)
    Vendor:   NVIDIA
    VRAM:     5991 MB
    Driver:   30.0.15.1295
Initialize mono
Mono path[0] = 'C:/Program Files/Unity/Hub/Editor/2021.3.3f1/Editor/Data/Managed'
Mono path[1] = 'C:/Program Files/Unity/Hub/Editor/2021.3.3f1/Editor/Data/MonoBleedingEdge/lib/mono/unityjit-win32'
Mono config path = 'C:/Program Files/Unity/Hub/Editor/2021.3.3f1/Editor/Data/MonoBleedingEdge/etc'
Using monoOptions --debugger-agent=transport=dt_socket,embedding=1,server=y,suspend=n,address=127.0.0.1:56180
Begin MonoManager ReloadAssembly
Registering precompiled unity dll's ...
Register platform support module: C:/Program Files/Unity/Hub/Editor/2021.3.3f1/Editor/Data/PlaybackEngines/WebGLSupport/UnityEditor.WebGL.Extensions.dll
Register platform support module: C:/Program Files/Unity/Hub/Editor/2021.3.3f1/Editor/Data/PlaybackEngines/WindowsStandaloneSupport/UnityEditor.WindowsStandalone.Extensions.dll
Registered in 0.005844 seconds.
Native extension for WindowsStandalone target not found
Native extension for WebGL target not found
Refreshing native plugins compatible for Editor in 82.51 ms, found 3 plugins.
Preloading 0 native plugins for Editor in 0.00 ms.
Mono: successfully reloaded assembly
- Completed reload, in  0.612 seconds
Domain Reload Profiling:
	ReloadAssembly (613ms)
		BeginReloadAssembly (68ms)
			ExecutionOrderSort (0ms)
			DisableScriptedObjects (0ms)
			BackupInstance (0ms)
			ReleaseScriptingObjects (0ms)
			CreateAndSetChildDomain (1ms)
		EndReloadAssembly (431ms)
			LoadAssemblies (66ms)
			RebuildTransferFunctionScriptingTraits (0ms)
			SetupTypeCache (103ms)
			ReleaseScriptCaches (0ms)
			RebuildScriptCaches (27ms)
			SetupLoadedEditorAssemblies (252ms)
				LogAssemblyErrors (0ms)
				InitializePlatformSupportModulesInManaged (8ms)
				SetLoadedEditorAssemblies (0ms)
				RefreshPlugins (83ms)
				BeforeProcessingInitializeOnLoad (1ms)
				ProcessInitializeOnLoadAttributes (117ms)
				ProcessInitializeOnLoadMethodAttributes (43ms)
				AfterProcessingInitializeOnLoad (0ms)
				EditorAssembliesLoaded (0ms)
			ExecutionOrderSort2 (0ms)
			AwakeInstancesAfterBackupRestoration (0ms)
Platform modules already initialized, skipping
Registering precompiled user dll's ...
Registered in 0.004305 seconds.
Begin MonoManager ReloadAssembly
Symbol file LoadedFromMemory doesn't match image C:\Users\mokuj\OneDrive\WorkSpace\Unity\LowPoly-Hero\Library\PackageCache\com.unity.visualscripting@1.7.6\Editor\VisualScripting.Core\Dependencies\YamlDotNet\Unity.VisualScripting.YamlDotNet.dll
Symbol file LoadedFromMemory doesn't match image C:\Users\mokuj\OneDrive\WorkSpace\Unity\LowPoly-Hero\Library\PackageCache\com.unity.visualscripting@1.7.6\Editor\VisualScripting.Core\Dependencies\DotNetZip\Unity.VisualScripting.IonicZip.dll
Native extension for WindowsStandalone target not found
Native extension for WebGL target not found
Refreshing native plugins compatible for Editor in 0.75 ms, found 3 plugins.
Preloading 0 native plugins for Editor in 0.00 ms.
Mono: successfully reloaded assembly
- Completed reload, in  1.278 seconds
Domain Reload Profiling:
	ReloadAssembly (1279ms)
		BeginReloadAssembly (118ms)
			ExecutionOrderSort (0ms)
			DisableScriptedObjects (8ms)
			BackupInstance (0ms)
			ReleaseScriptingObjects (0ms)
			CreateAndSetChildDomain (22ms)
		EndReloadAssembly (1035ms)
			LoadAssemblies (89ms)
			RebuildTransferFunctionScriptingTraits (0ms)
			SetupTypeCache (307ms)
			ReleaseScriptCaches (1ms)
			RebuildScriptCaches (61ms)
			SetupLoadedEditorAssemblies (522ms)
				LogAssemblyErrors (0ms)
				InitializePlatformSupportModulesInManaged (9ms)
				SetLoadedEditorAssemblies (1ms)
				RefreshPlugins (1ms)
				BeforeProcessingInitializeOnLoad (112ms)
				ProcessInitializeOnLoadAttributes (299ms)
				ProcessInitializeOnLoadMethodAttributes (94ms)
				AfterProcessingInitializeOnLoad (7ms)
				EditorAssembliesLoaded (0ms)
			ExecutionOrderSort2 (0ms)
			AwakeInstancesAfterBackupRestoration (6ms)
Platform modules already initialized, skipping
========================================================================
Worker process is ready to serve import requests
Launched and connected shader compiler UnityShaderCompiler.exe after 0.08 seconds
Refreshing native plugins compatible for Editor in 0.58 ms, found 3 plugins.
Preloading 0 native plugins for Editor in 0.00 ms.
Unloading 3415 Unused Serialized files (Serialized files now loaded: 0)
Unloading 26 unused Assets / (112.5 KB). Loaded Objects now: 3878.
Memory consumption went from 192.5 MB to 192.4 MB.
Total: 3.524100 ms (FindLiveObjects: 0.422600 ms CreateObjectMapping: 0.190000 ms MarkObjects: 2.771600 ms  DeleteObjects: 0.137600 ms)

AssetImportParameters requested are different than current active one (requested -> active):
  custom:video-decoder-ogg-theora: a1e56fd34408186e4bbccfd4996cb3dc -> 
  custom:container-muxer-webm: aa71ff27fc2769a1b78a27578f13a17b -> 
  custom:container-demuxer-webm: 4f35f7cbe854078d1ac9338744f61a02 -> 
  custom:video-encoder-webm-vp8: eb34c28f22e8b96e1ab97ce403110664 -> 
  custom:video-codec-MediaFoundation-h265: 746d11721c4dcdbdad8f713fa42b33f4 -> 
  custom:audio-encoder-webm-vorbis: bf7c407c2cedff20999df2af8eb42d56 -> 
  custom:framework-win-MediaFoundation: 216162199b28c13a410421893ffa2e32 -> 
  custom:container-demuxer-ogg: 62fdf1f143b41e24485cea50d1cbac27 -> 
  custom:video-decoder-webm-vp8: 9c59270c3fd7afecdb556c50c9e8de78 -> 
  custom:audio-decoder-ogg-vorbis: bf7c407c2cedff20999df2af8eb42d56 -> 
========================================================================
Received Prepare
Registering precompiled user dll's ...
Registered in 0.004135 seconds.
Begin MonoManager ReloadAssembly
Symbol file LoadedFromMemory doesn't match image C:\Users\mokuj\OneDrive\WorkSpace\Unity\LowPoly-Hero\Library\PackageCache\com.unity.visualscripting@1.7.6\Editor\VisualScripting.Core\Dependencies\YamlDotNet\Unity.VisualScripting.YamlDotNet.dll
Symbol file LoadedFromMemory doesn't match image C:\Users\mokuj\OneDrive\WorkSpace\Unity\LowPoly-Hero\Library\PackageCache\com.unity.visualscripting@1.7.6\Editor\VisualScripting.Core\Dependencies\DotNetZip\Unity.VisualScripting.IonicZip.dll
Native extension for WindowsStandalone target not found
Native extension for WebGL target not found
Refreshing native plugins compatible for Editor in 0.69 ms, found 3 plugins.
Preloading 0 native plugins for Editor in 0.00 ms.
Mono: successfully reloaded assembly
- Completed reload, in  0.921 seconds
Domain Reload Profiling:
	ReloadAssembly (922ms)
		BeginReloadAssembly (127ms)
			ExecutionOrderSort (0ms)
			DisableScriptedObjects (5ms)
			BackupInstance (0ms)
			ReleaseScriptingObjects (0ms)
			CreateAndSetChildDomain (39ms)
		EndReloadAssembly (704ms)
			LoadAssemblies (69ms)
			RebuildTransferFunctionScriptingTraits (0ms)
			SetupTypeCache (243ms)
			ReleaseScriptCaches (1ms)
			RebuildScriptCaches (41ms)
			SetupLoadedEditorAssemblies (303ms)
				LogAssemblyErrors (0ms)
				InitializePlatformSupportModulesInManaged (15ms)
				SetLoadedEditorAssemblies (0ms)
				RefreshPlugins (1ms)
				BeforeProcessingInitializeOnLoad (65ms)
				ProcessInitializeOnLoadAttributes (191ms)
				ProcessInitializeOnLoadMethodAttributes (25ms)
				AfterProcessingInitializeOnLoad (6ms)
				EditorAssembliesLoaded (0ms)
			ExecutionOrderSort2 (0ms)
			AwakeInstancesAfterBackupRestoration (5ms)
Platform modules already initialized, skipping
Refreshing native plugins compatible for Editor in 2.03 ms, found 3 plugins.
Preloading 0 native plugins for Editor in 0.00 ms.
Unloading 3397 Unused Serialized files (Serialized files now loaded: 0)
Unloading 19 unused Assets / (79.5 KB). Loaded Objects now: 3881.
Memory consumption went from 191.2 MB to 191.2 MB.
Total: 3.332900 ms (FindLiveObjects: 0.278300 ms CreateObjectMapping: 0.098700 ms MarkObjects: 2.860800 ms  DeleteObjects: 0.093300 ms)

AssetImportParameters requested are different than current active one (requested -> active):
  custom:video-decoder-ogg-theora: a1e56fd34408186e4bbccfd4996cb3dc -> 
  custom:container-muxer-webm: aa71ff27fc2769a1b78a27578f13a17b -> 
  custom:container-demuxer-webm: 4f35f7cbe854078d1ac9338744f61a02 -> 
  custom:video-encoder-webm-vp8: eb34c28f22e8b96e1ab97ce403110664 -> 
  custom:video-codec-MediaFoundation-h265: 746d11721c4dcdbdad8f713fa42b33f4 -> 
  custom:audio-encoder-webm-vorbis: bf7c407c2cedff20999df2af8eb42d56 -> 
  custom:framework-win-MediaFoundation: 216162199b28c13a410421893ffa2e32 -> 
  custom:container-demuxer-ogg: 62fdf1f143b41e24485cea50d1cbac27 -> 
  custom:video-decoder-webm-vp8: 9c59270c3fd7afecdb556c50c9e8de78 -> 
  custom:audio-decoder-ogg-vorbis: bf7c407c2cedff20999df2af8eb42d56 -> 
========================================================================
Received Prepare
Registering precompiled user dll's ...
Registered in 0.004239 seconds.
Begin MonoManager ReloadAssembly
Symbol file LoadedFromMemory doesn't match image C:\Users\mokuj\OneDrive\WorkSpace\Unity\LowPoly-Hero\Library\PackageCache\com.unity.visualscripting@1.7.6\Editor\VisualScripting.Core\Dependencies\YamlDotNet\Unity.VisualScripting.YamlDotNet.dll
Symbol file LoadedFromMemory doesn't match image C:\Users\mokuj\OneDrive\WorkSpace\Unity\LowPoly-Hero\Library\PackageCache\com.unity.visualscripting@1.7.6\Editor\VisualScripting.Core\Dependencies\DotNetZip\Unity.VisualScripting.IonicZip.dll
Native extension for WindowsStandalone target not found
Native extension for WebGL target not found
Refreshing native plugins compatible for Editor in 0.64 ms, found 3 plugins.
Preloading 0 native plugins for Editor in 0.00 ms.
Mono: successfully reloaded assembly
- Completed reload, in  0.962 seconds
Domain Reload Profiling:
	ReloadAssembly (962ms)
		BeginReloadAssembly (125ms)
			ExecutionOrderSort (0ms)
			DisableScriptedObjects (5ms)
			BackupInstance (0ms)
			ReleaseScriptingObjects (0ms)
			CreateAndSetChildDomain (35ms)
		EndReloadAssembly (743ms)
			LoadAssemblies (73ms)
			RebuildTransferFunctionScriptingTraits (0ms)
			SetupTypeCache (262ms)
			ReleaseScriptCaches (1ms)
			RebuildScriptCaches (36ms)
			SetupLoadedEditorAssemblies (339ms)
				LogAssemblyErrors (0ms)
				InitializePlatformSupportModulesInManaged (12ms)
				SetLoadedEditorAssemblies (0ms)
				RefreshPlugins (1ms)
				BeforeProcessingInitializeOnLoad (60ms)
				ProcessInitializeOnLoadAttributes (231ms)
				ProcessInitializeOnLoadMethodAttributes (28ms)
				AfterProcessingInitializeOnLoad (7ms)
				EditorAssembliesLoaded (0ms)
			ExecutionOrderSort2 (0ms)
			AwakeInstancesAfterBackupRestoration (5ms)
Platform modules already initialized, skipping
Refreshing native plugins compatible for Editor in 1.70 ms, found 3 plugins.
Preloading 0 native plugins for Editor in 0.00 ms.
Unloading 3397 Unused Serialized files (Serialized files now loaded: 0)
Unloading 19 unused Assets / (79.5 KB). Loaded Objects now: 3884.
Memory consumption went from 191.2 MB to 191.2 MB.
Total: 3.105500 ms (FindLiveObjects: 0.271200 ms CreateObjectMapping: 0.080200 ms MarkObjects: 2.643600 ms  DeleteObjects: 0.109200 ms)

AssetImportParameters requested are different than current active one (requested -> active):
  custom:video-decoder-ogg-theora: a1e56fd34408186e4bbccfd4996cb3dc -> 
  custom:container-muxer-webm: aa71ff27fc2769a1b78a27578f13a17b -> 
  custom:container-demuxer-webm: 4f35f7cbe854078d1ac9338744f61a02 -> 
  custom:video-encoder-webm-vp8: eb34c28f22e8b96e1ab97ce403110664 -> 
  custom:video-codec-MediaFoundation-h265: 746d11721c4dcdbdad8f713fa42b33f4 -> 
  custom:audio-encoder-webm-vorbis: bf7c407c2cedff20999df2af8eb42d56 -> 
  custom:framework-win-MediaFoundation: 216162199b28c13a410421893ffa2e32 -> 
  custom:container-demuxer-ogg: 62fdf1f143b41e24485cea50d1cbac27 -> 
  custom:video-decoder-webm-vp8: 9c59270c3fd7afecdb556c50c9e8de78 -> 
  custom:audio-decoder-ogg-vorbis: bf7c407c2cedff20999df2af8eb42d56 -> 
========================================================================
Received Import Request.
  Time since last request: 121235.569232 seconds.
  path: Assets/Script/Spawn_Controller.cs
  artifactKey: Guid(56da6b80716116347bcae5f634f7115a) Importer(815301076,1909f56bfc062723c751e8b465ee728b)
Start importing Assets/Script/Spawn_Controller.cs using Guid(56da6b80716116347bcae5f634f7115a) Importer(815301076,1909f56bfc062723c751e8b465ee728b)  -> (artifact id: '8d1aa591cc21f264992cbc8cc69df3b1') in 0.026165 seconds 
========================================================================
Received Import Request.
  Time since last request: 8.265334 seconds.
  path: Assets/Object/CasualGameSounds/license.pdf
  artifactKey: Guid(97e586aae91a04999b17478d7aa1a576) Importer(815301076,1909f56bfc062723c751e8b465ee728b)
Start importing Assets/Object/CasualGameSounds/license.pdf using Guid(97e586aae91a04999b17478d7aa1a576) Importer(815301076,1909f56bfc062723c751e8b465ee728b)  -> (artifact id: 'c22df11dac8ca25de820ac77eba6182e') in 0.039297 seconds 
========================================================================
Received Prepare
Registering precompiled user dll's ...
Registered in 0.004046 seconds.
Begin MonoManager ReloadAssembly
Symbol file LoadedFromMemory doesn't match image C:\Users\mokuj\OneDrive\WorkSpace\Unity\LowPoly-Hero\Library\PackageCache\com.unity.visualscripting@1.7.6\Editor\VisualScripting.Core\Dependencies\YamlDotNet\Unity.VisualScripting.YamlDotNet.dll
Symbol file LoadedFromMemory doesn't match image C:\Users\mokuj\OneDrive\WorkSpace\Unity\LowPoly-Hero\Library\PackageCache\com.unity.visualscripting@1.7.6\Editor\VisualScripting.Core\Dependencies\DotNetZip\Unity.VisualScripting.IonicZip.dll
Native extension for WindowsStandalone target not found
Native extension for WebGL target not found
Refreshing native plugins compatible for Editor in 0.62 ms, found 3 plugins.
Preloading 0 native plugins for Editor in 0.00 ms.
Mono: successfully reloaded assembly
- Completed reload, in  0.908 seconds
Domain Reload Profiling:
	ReloadAssembly (909ms)
		BeginReloadAssembly (120ms)
			ExecutionOrderSort (0ms)
			DisableScriptedObjects (5ms)
			BackupInstance (0ms)
			ReleaseScriptingObjects (0ms)
			CreateAndSetChildDomain (34ms)
		EndReloadAssembly (699ms)
			LoadAssemblies (72ms)
			RebuildTransferFunctionScriptingTraits (0ms)
			SetupTypeCache (248ms)
			ReleaseScriptCaches (1ms)
			RebuildScriptCaches (42ms)
			SetupLoadedEditorAssemblies (295ms)
				LogAssemblyErrors (0ms)
				InitializePlatformSupportModulesInManaged (13ms)
				SetLoadedEditorAssemblies (1ms)
				RefreshPlugins (1ms)
				BeforeProcessingInitializeOnLoad (64ms)
				ProcessInitializeOnLoadAttributes (187ms)
				ProcessInitializeOnLoadMethodAttributes (24ms)
				AfterProcessingInitializeOnLoad (5ms)
				EditorAssembliesLoaded (0ms)
			ExecutionOrderSort2 (0ms)
			AwakeInstancesAfterBackupRestoration (5ms)
Platform modules already initialized, skipping
Refreshing native plugins compatible for Editor in 1.66 ms, found 3 plugins.
Preloading 0 native plugins for Editor in 0.00 ms.
Unloading 3397 Unused Serialized files (Serialized files now loaded: 0)
Unloading 19 unused Assets / (79.4 KB). Loaded Objects now: 3887.
Memory consumption went from 191.3 MB to 191.2 MB.
Total: 3.315300 ms (FindLiveObjects: 0.314800 ms CreateObjectMapping: 0.079200 ms MarkObjects: 2.826700 ms  DeleteObjects: 0.093200 ms)

AssetImportParameters requested are different than current active one (requested -> active):
  custom:video-decoder-ogg-theora: a1e56fd34408186e4bbccfd4996cb3dc -> 
  custom:container-muxer-webm: aa71ff27fc2769a1b78a27578f13a17b -> 
  custom:container-demuxer-webm: 4f35f7cbe854078d1ac9338744f61a02 -> 
  custom:video-encoder-webm-vp8: eb34c28f22e8b96e1ab97ce403110664 -> 
  custom:video-codec-MediaFoundation-h265: 746d11721c4dcdbdad8f713fa42b33f4 -> 
  custom:audio-encoder-webm-vorbis: bf7c407c2cedff20999df2af8eb42d56 -> 
  custom:framework-win-MediaFoundation: 216162199b28c13a410421893ffa2e32 -> 
  custom:container-demuxer-ogg: 62fdf1f143b41e24485cea50d1cbac27 -> 
  custom:video-decoder-webm-vp8: 9c59270c3fd7afecdb556c50c9e8de78 -> 
  custom:audio-decoder-ogg-vorbis: bf7c407c2cedff20999df2af8eb42d56 -> 
========================================================================
Received Prepare
Registering precompiled user dll's ...
Registered in 0.004276 seconds.
Begin MonoManager ReloadAssembly
Symbol file LoadedFromMemory doesn't match image C:\Users\mokuj\OneDrive\WorkSpace\Unity\LowPoly-Hero\Library\PackageCache\com.unity.visualscripting@1.7.6\Editor\VisualScripting.Core\Dependencies\YamlDotNet\Unity.VisualScripting.YamlDotNet.dll
Symbol file LoadedFromMemory doesn't match image C:\Users\mokuj\OneDrive\WorkSpace\Unity\LowPoly-Hero\Library\PackageCache\com.unity.visualscripting@1.7.6\Editor\VisualScripting.Core\Dependencies\DotNetZip\Unity.VisualScripting.IonicZip.dll
Native extension for WindowsStandalone target not found
Native extension for WebGL target not found
Refreshing native plugins compatible for Editor in 0.87 ms, found 3 plugins.
Preloading 0 native plugins for Editor in 0.00 ms.
Mono: successfully reloaded assembly
- Completed reload, in  0.955 seconds
Domain Reload Profiling:
	ReloadAssembly (956ms)
		BeginReloadAssembly (126ms)
			ExecutionOrderSort (0ms)
			DisableScriptedObjects (6ms)
			BackupInstance (0ms)
			ReleaseScriptingObjects (0ms)
			CreateAndSetChildDomain (34ms)
		EndReloadAssembly (729ms)
			LoadAssemblies (74ms)
			RebuildTransferFunctionScriptingTraits (0ms)
			SetupTypeCache (274ms)
			ReleaseScriptCaches (1ms)
			RebuildScriptCaches (40ms)
			SetupLoadedEditorAssemblies (299ms)
				LogAssemblyErrors (0ms)
				InitializePlatformSupportModulesInManaged (15ms)
				SetLoadedEditorAssemblies (1ms)
				RefreshPlugins (1ms)
				BeforeProcessingInitializeOnLoad (65ms)
				ProcessInitializeOnLoadAttributes (186ms)
				ProcessInitializeOnLoadMethodAttributes (25ms)
				AfterProcessingInitializeOnLoad (6ms)
				EditorAssembliesLoaded (0ms)
			ExecutionOrderSort2 (0ms)
			AwakeInstancesAfterBackupRestoration (6ms)
Platform modules already initialized, skipping
Refreshing native plugins compatible for Editor in 2.01 ms, found 3 plugins.
Preloading 0 native plugins for Editor in 0.00 ms.
Unloading 3397 Unused Serialized files (Serialized files now loaded: 0)
Unloading 19 unused Assets / (79.5 KB). Loaded Objects now: 3890.
Memory consumption went from 191.3 MB to 191.2 MB.
Total: 3.041000 ms (FindLiveObjects: 0.372300 ms CreateObjectMapping: 0.168100 ms MarkObjects: 2.399700 ms  DeleteObjects: 0.099100 ms)

AssetImportParameters requested are different than current active one (requested -> active):
  custom:video-decoder-ogg-theora: a1e56fd34408186e4bbccfd4996cb3dc -> 
  custom:container-muxer-webm: aa71ff27fc2769a1b78a27578f13a17b -> 
  custom:container-demuxer-webm: 4f35f7cbe854078d1ac9338744f61a02 -> 
  custom:video-encoder-webm-vp8: eb34c28f22e8b96e1ab97ce403110664 -> 
  custom:video-codec-MediaFoundation-h265: 746d11721c4dcdbdad8f713fa42b33f4 -> 
  custom:audio-encoder-webm-vorbis: bf7c407c2cedff20999df2af8eb42d56 -> 
  custom:framework-win-MediaFoundation: 216162199b28c13a410421893ffa2e32 -> 
  custom:container-demuxer-ogg: 62fdf1f143b41e24485cea50d1cbac27 -> 
  custom:video-decoder-webm-vp8: 9c59270c3fd7afecdb556c50c9e8de78 -> 
  custom:audio-decoder-ogg-vorbis: bf7c407c2cedff20999df2af8eb42d56 -> 
========================================================================
Received Import Request.
  Time since last request: 572.880031 seconds.
  path: Assets/Classic Footstep SFX
  artifactKey: Guid(355d9dd0732fe0f40b6a890dae6a4bc4) Importer(815301076,1909f56bfc062723c751e8b465ee728b)
Start importing Assets/Classic Footstep SFX using Guid(355d9dd0732fe0f40b6a890dae6a4bc4) Importer(815301076,1909f56bfc062723c751e8b465ee728b)  -> (artifact id: 'c692617785528813ddd7457d3691712c') in 0.011941 seconds 
========================================================================
Received Import Request.
  Time since last request: 3.345863 seconds.
  path: Assets/Object/Classic Footstep SFX/Sliding_on_ground0.wav
  artifactKey: Guid(574d70118068c704e9d2654d8e5b386f) Importer(815301076,1909f56bfc062723c751e8b465ee728b)
Start importing Assets/Object/Classic Footstep SFX/Sliding_on_ground0.wav using Guid(574d70118068c704e9d2654d8e5b386f) Importer(815301076,1909f56bfc062723c751e8b465ee728b)  -> (artifact id: '938f8b1bd16d150051194b5ab48b8f10') in 0.122668 seconds 
========================================================================
Received Import Request.
  Time since last request: 0.000034 seconds.
  path: Assets/Object/Classic Footstep SFX/Sliding_on_ground3.wav
  artifactKey: Guid(f76b4e8c8e400f34dba1aeb2aaaddd98) Importer(815301076,1909f56bfc062723c751e8b465ee728b)
Start importing Assets/Object/Classic Footstep SFX/Sliding_on_ground3.wav using Guid(f76b4e8c8e400f34dba1aeb2aaaddd98) Importer(815301076,1909f56bfc062723c751e8b465ee728b)  -> (artifact id: '4722e814ea229bc27f17e2bff1048674') in 0.012835 seconds 
========================================================================
Received Import Request.
  Time since last request: 0.000053 seconds.
  path: Assets/Object/Classic Footstep SFX/Sliding_on_ground2.wav
  artifactKey: Guid(4a2772599b7a7d64b98ba0c3ffbc6c19) Importer(815301076,1909f56bfc062723c751e8b465ee728b)
Start importing Assets/Object/Classic Footstep SFX/Sliding_on_ground2.wav using Guid(4a2772599b7a7d64b98ba0c3ffbc6c19) Importer(815301076,1909f56bfc062723c751e8b465ee728b)  -> (artifact id: '60591d94ae0edc8f96b180f08bc7d565') in 0.015446 seconds 
========================================================================
Received Import Request.
  Time since last request: 6.508998 seconds.
  path: Assets/Object/Classic Footstep SFX/Ground
  artifactKey: Guid(1108f832697665c4cbddbc0b44dff6a7) Importer(815301076,1909f56bfc062723c751e8b465ee728b)
Start importing Assets/Object/Classic Footstep SFX/Ground using Guid(1108f832697665c4cbddbc0b44dff6a7) Importer(815301076,1909f56bfc062723c751e8b465ee728b)  -> (artifact id: '3e4ce1c1e29b3d7917c2fefa102cead4') in 0.006040 seconds 
========================================================================
Received Import Request.
  Time since last request: 0.041641 seconds.
  path: Assets/Object/Classic Footstep SFX/Ground/Ground_running_loop0.wav
  artifactKey: Guid(b2c305fdeefa5194eaa2c69a95a9ae77) Importer(815301076,1909f56bfc062723c751e8b465ee728b)
Start importing Assets/Object/Classic Footstep SFX/Ground/Ground_running_loop0.wav using Guid(b2c305fdeefa5194eaa2c69a95a9ae77) Importer(815301076,1909f56bfc062723c751e8b465ee728b)  -> (artifact id: '36180edf71e5408bc6b6c6ef08cbcd99') in 0.016719 seconds 
========================================================================
Received Import Request.
  Time since last request: 0.000037 seconds.
  path: Assets/Object/Classic Footstep SFX/Ground/Ground_Running_loop3.wav
  artifactKey: Guid(398a631f92a5b2e4fbbf36e67e05e653) Importer(815301076,1909f56bfc062723c751e8b465ee728b)
Start importing Assets/Object/Classic Footstep SFX/Ground/Ground_Running_loop3.wav using Guid(398a631f92a5b2e4fbbf36e67e05e653) Importer(815301076,1909f56bfc062723c751e8b465ee728b)  -> (artifact id: 'b26f1fa012fe53d8ad4079db7f487a58') in 0.013339 seconds 
========================================================================
Received Import Request.
  Time since last request: 0.000043 seconds.
  path: Assets/Object/Classic Footstep SFX/Ground/Ground_Step0.wav
  artifactKey: Guid(eec53751c4e79a7469fc34e774360128) Importer(815301076,1909f56bfc062723c751e8b465ee728b)
Start importing Assets/Object/Classic Footstep SFX/Ground/Ground_Step0.wav using Guid(eec53751c4e79a7469fc34e774360128) Importer(815301076,1909f56bfc062723c751e8b465ee728b)  -> (artifact id: 'f09aba18226bd9d9cc4635eeb73ec6ea') in 0.014552 seconds 
========================================================================
Received Import Request.
  Time since last request: 0.000024 seconds.
  path: Assets/Object/Classic Footstep SFX/Ground/Ground_Step4.wav
  artifactKey: Guid(b662731f964d624449b092d4198147de) Importer(815301076,1909f56bfc062723c751e8b465ee728b)
Start importing Assets/Object/Classic Footstep SFX/Ground/Ground_Step4.wav using Guid(b662731f964d624449b092d4198147de) Importer(815301076,1909f56bfc062723c751e8b465ee728b)  -> (artifact id: '2c765544fb7f121b64ea82398b8840eb') in 0.014856 seconds 
========================================================================
Received Import Request.
  Time since last request: 22.332020 seconds.
  path: Assets/Object/Classic Footstep SFX/Rocky_ground
  artifactKey: Guid(2b7f682d683281f46a07add1bac4f253) Importer(815301076,1909f56bfc062723c751e8b465ee728b)
Start importing Assets/Object/Classic Footstep SFX/Rocky_ground using Guid(2b7f682d683281f46a07add1bac4f253) Importer(815301076,1909f56bfc062723c751e8b465ee728b)  -> (artifact id: '4f4732a9390efd758a1efd41fd7f78c1') in 0.007060 seconds 
========================================================================
Received Import Request.
  Time since last request: 4.045802 seconds.
  path: Assets/Object/Classic Footstep SFX/Floor
  artifactKey: Guid(0c55cfe5381f4a14faeb4606fbb67fc2) Importer(815301076,1909f56bfc062723c751e8b465ee728b)
Start importing Assets/Object/Classic Footstep SFX/Floor using Guid(0c55cfe5381f4a14faeb4606fbb67fc2) Importer(815301076,1909f56bfc062723c751e8b465ee728b)  -> (artifact id: '0598714466dd9bc5bba6cfd12c56d442') in 0.005952 seconds 
========================================================================
Received Import Request.
  Time since last request: 0.850492 seconds.
  path: Assets/Object/Classic Footstep SFX/Forest ground
  artifactKey: Guid(3a03098ec8c0faf458dc897e93d1994c) Importer(815301076,1909f56bfc062723c751e8b465ee728b)
Start importing Assets/Object/Classic Footstep SFX/Forest ground using Guid(3a03098ec8c0faf458dc897e93d1994c) Importer(815301076,1909f56bfc062723c751e8b465ee728b)  -> (artifact id: '3cc8c526e67ab7f39cca7918da176869') in 0.010235 seconds 
========================================================================
Received Import Request.
  Time since last request: 1.461241 seconds.
  path: Assets/Object/Classic Footstep SFX/Floor/Floor_step0.wav
  artifactKey: Guid(4d11813f5983ce047873c94858e6a6c1) Importer(815301076,1909f56bfc062723c751e8b465ee728b)
Start importing Assets/Object/Classic Footstep SFX/Floor/Floor_step0.wav using Guid(4d11813f5983ce047873c94858e6a6c1) Importer(815301076,1909f56bfc062723c751e8b465ee728b)  -> (artifact id: 'ad07fdc9a60c81add39e393b887b0e95') in 0.025790 seconds 
========================================================================
Received Import Request.
  Time since last request: 0.000041 seconds.
  path: Assets/Object/Classic Footstep SFX/Floor/Floor_step17.wav
  artifactKey: Guid(02dc709a1e386674e8d05d3c04baa6f7) Importer(815301076,1909f56bfc062723c751e8b465ee728b)
Start importing Assets/Object/Classic Footstep SFX/Floor/Floor_step17.wav using Guid(02dc709a1e386674e8d05d3c04baa6f7) Importer(815301076,1909f56bfc062723c751e8b465ee728b)  -> (artifact id: 'e0bb1db1d2af0ddfa1ea59f1f8ce7585') in 0.035961 seconds 
========================================================================
Received Import Request.
  Time since last request: 0.000049 seconds.
  path: Assets/Object/Classic Footstep SFX/Floor/Floor_step19.wav
  artifactKey: Guid(a70895712392d4345be385abfae08f28) Importer(815301076,1909f56bfc062723c751e8b465ee728b)
Start importing Assets/Object/Classic Footstep SFX/Floor/Floor_step19.wav using Guid(a70895712392d4345be385abfae08f28) Importer(815301076,1909f56bfc062723c751e8b465ee728b)  -> (artifact id: 'd8b508ae0b23f62b3e4b77b42966bd41') in 0.015914 seconds 
========================================================================
Received Import Request.
  Time since last request: 0.000030 seconds.
  path: Assets/Object/Classic Footstep SFX/Floor/Floor_step8.wav
  artifactKey: Guid(b8da35185c17df440a0d9e0309ac22a3) Importer(815301076,1909f56bfc062723c751e8b465ee728b)
Start importing Assets/Object/Classic Footstep SFX/Floor/Floor_step8.wav using Guid(b8da35185c17df440a0d9e0309ac22a3) Importer(815301076,1909f56bfc062723c751e8b465ee728b)  -> (artifact id: 'aa36cc1387b5a0d7f70aa1cb16b0d037') in 0.016955 seconds 
========================================================================
Received Import Request.
  Time since last request: 0.000037 seconds.
  path: Assets/Object/Classic Footstep SFX/Floor/Floor_step20.wav
  artifactKey: Guid(b70d04f1f7e251b4f8629b271d71c623) Importer(815301076,1909f56bfc062723c751e8b465ee728b)
Start importing Assets/Object/Classic Footstep SFX/Floor/Floor_step20.wav using Guid(b70d04f1f7e251b4f8629b271d71c623) Importer(815301076,1909f56bfc062723c751e8b465ee728b)  -> (artifact id: '7d3c4e48b88e3864be239373a3f4e21b') in 0.015796 seconds 
========================================================================
Received Import Request.
  Time since last request: 0.000037 seconds.
  path: Assets/Object/Classic Footstep SFX/Floor/Floor_step12.wav
  artifactKey: Guid(9a7a2d7c3f0efa7408e14bd09744808d) Importer(815301076,1909f56bfc062723c751e8b465ee728b)
Start importing Assets/Object/Classic Footstep SFX/Floor/Floor_step12.wav using Guid(9a7a2d7c3f0efa7408e14bd09744808d) Importer(815301076,1909f56bfc062723c751e8b465ee728b)  -> (artifact id: 'b39d6b077f660c1294c0c81fe2766b23') in 0.016733 seconds 
Editor requested this worker to shutdown with reason: Scaling down because of idle timeout
AssetImportWorker is now disconnected from the server
Process exiting
Exiting without the bug reporter. Application will terminate with return code 0